[debug] [2024-02-11T23:42:41.134Z] File /Users/benline/Documents/0xlino/firebase-functions-routing-controllers/functions/src/expressApplicationRoutingControllersExample.ts changed, reloading triggers {"metadata":{"emulator":{"name":"functions"},"message":"File /Users/benline/Documents/0xlino/firebase-functions-routing-controllers/functions/src/expressApplicationRoutingControllersExample.ts changed, reloading triggers"}}
[debug] [2024-02-11T23:42:42.137Z] Validating nodejs source
[debug] [2024-02-11T23:42:43.238Z] > [functions] package.json contents: {
  "name": "functions",
  "scripts": {
    "lint": "eslint --ext .js,.ts .",
    "build": "tsc",
    "build:watch": "tsc --watch",
    "serve": "concurrently \"npm run build:watch\" \"firebase emulators:start --only functions\"",
    "shell": "npm run build && firebase functions:shell",
    "start": "npm run shell",
    "deploy": "npm run build && firebase deploy --only functions",
    "logs": "firebase functions:log",
    "emulator": "firebase emulators:start --only functions",
    "deploys": "firebase deploy --only functions"
  },
  "engines": {
    "node": "16"
  },
  "main": "lib/index.js",
  "dependencies": {
    "cors": "^2.8.5",
    "cron-decorators": "^0.1.5",
    "express": "^4.18.2",
    "express-handler-errors": "^2.3.1",
    "firebase": "^10.8.0",
    "firebase-admin": "^12.0.0",
    "firebase-functions": "^4.7.0",
    "reflect-metadata": "^0.2.1",
    "routing-controllers": "^0.10.4",
    "typedi": "^0.10.0",
    "winston": "^3.11.0",
    "yup": "^1.3.3"
  },
  "devDependencies": {
    "@typescript-eslint/eslint-plugin": "^6.21.0",
    "@typescript-eslint/parser": "^6.21.0",
    "concurrently": "^8.2.2",
    "eslint": "^8.56.0",
    "eslint-config-google": "^0.14.0",
    "eslint-plugin-import": "^2.29.1",
    "firebase-functions-test": "^3.1.1",
    "typescript": "^5.3.3"
  },
  "private": true
}
[debug] [2024-02-11T23:42:43.238Z] Building nodejs source
[debug] [2024-02-11T23:42:43.238Z] Failed to find version of module node: reached end of search path /Users/benline/Documents/0xlino/firebase-functions-routing-controllers/functions/node_modules
[warn] ⚠  functions: Your requested "node" version "16" doesn't match your global version "21". Using node@21 from host. 
[debug] [2024-02-11T23:42:43.239Z] Could not find functions.yaml. Must use http discovery
[debug] [2024-02-11T23:42:43.240Z] Found firebase-functions binary at '/Users/benline/Documents/0xlino/firebase-functions-routing-controllers/functions/node_modules/.bin/firebase-functions'
[debug] [2024-02-11T23:42:43.366Z] Serving at port 8346

[debug] [2024-02-11T23:42:44.716Z] Cron Jobs Registered

[debug] [2024-02-11T23:42:44.719Z] Got response from /__/functions.yaml {"endpoints":{"app":{"platform":"gcfv1","availableMemoryMb":null,"timeoutSeconds":null,"minInstances":null,"maxInstances":null,"ingressSettings":null,"serviceAccountEmail":null,"vpc":null,"httpsTrigger":{},"entryPoint":"app"}},"specVersion":"v1alpha1","requiredAPIs":[]}
[debug] [2024-02-11T23:42:45.003Z] I am cron Job and I just ran!

[debug] [2024-02-11T23:42:46.003Z] I am cron Job and I just ran!

[debug] [2024-02-11T23:42:47.002Z] I am cron Job and I just ran!

[debug] [2024-02-11T23:42:48.003Z] I am cron Job and I just ran!

[debug] [2024-02-11T23:42:49.002Z] I am cron Job and I just ran!

[debug] [2024-02-11T23:42:50.003Z] I am cron Job and I just ran!

[debug] [2024-02-11T23:42:51.002Z] I am cron Job and I just ran!

[debug] [2024-02-11T23:42:52.004Z] I am cron Job and I just ran!

[debug] [2024-02-11T23:42:53.003Z] I am cron Job and I just ran!

[debug] [2024-02-11T23:42:54.005Z] I am cron Job and I just ran!

[info] ✔  functions: Loaded functions definitions from source: app. {"metadata":{"emulator":{"name":"functions"},"message":"Loaded functions definitions from source: app."}}
[debug] [2024-02-11T23:42:56.147Z] [work-queue] {"queuedWork":["/bens-testing-project-1ea08/us-central1/app-2024-02-11T23:42:56.147Z"],"queueLength":1,"runningWork":[],"workRunningCount":0}
[debug] [2024-02-11T23:42:56.148Z] [work-queue] {"queuedWork":[],"queueLength":0,"runningWork":["/bens-testing-project-1ea08/us-central1/app-2024-02-11T23:42:56.147Z"],"workRunningCount":1}
[debug] [2024-02-11T23:42:56.148Z] Accepted request GET /bens-testing-project-1ea08/us-central1/app --> us-central1-app
[debug] [2024-02-11T23:42:56.150Z] [functions] Runtime ready! Sending request! {"metadata":{"emulator":{"name":"functions"},"message":"[functions] Runtime ready! Sending request!"}}
[debug] [2024-02-11T23:42:56.150Z] [functions] Got req.url=/bens-testing-project-1ea08/us-central1/app, mapping to path=/ {"metadata":{"emulator":{"name":"functions"},"message":"[functions] Got req.url=/bens-testing-project-1ea08/us-central1/app, mapping to path=/"}}
[debug] [2024-02-11T23:42:56.151Z] [worker-pool] Cleaned up workers for us-central1-app: 1 --> 0 {"metadata":{"emulator":{"name":"functions"},"message":"[worker-pool] Cleaned up workers for us-central1-app: 1 --> 0"}}
[debug] [2024-02-11T23:42:56.154Z] [worker-pool] addWorker(us-central1-app) {"metadata":{"emulator":{"name":"functions"},"message":"[worker-pool] addWorker(us-central1-app)"}}
[debug] [2024-02-11T23:42:56.154Z] [worker-pool] Adding worker with key us-central1-app, total=1 {"metadata":{"emulator":{"name":"functions"},"message":"[worker-pool] Adding worker with key us-central1-app, total=1"}}
[info] >  (node:36940) [DEP0040] DeprecationWarning: The `punycode` module is deprecated. Please use a userland alternative instead. {"user":"(node:36940) [DEP0040] DeprecationWarning: The `punycode` module is deprecated. Please use a userland alternative instead.","metadata":{"emulator":{"name":"functions"},"function":{"name":"us-central1-app"},"extension":{},"message":"\u001b[90m> \u001b[39m (node:36940) [DEP0040] DeprecationWarning: The `punycode` module is deprecated. Please use a userland alternative instead."}}
[info] >  (Use `node --trace-deprecation ...` to show where the warning was created) {"user":"(Use `node --trace-deprecation ...` to show where the warning was created)","metadata":{"emulator":{"name":"functions"},"function":{"name":"us-central1-app"},"extension":{},"message":"\u001b[90m> \u001b[39m (Use `node --trace-deprecation ...` to show where the warning was created)"}}
[debug] [2024-02-11T23:42:56.837Z] [runtime-status] [36940] Resolved module firebase-admin {"declared":true,"installed":true,"version":"12.0.0","resolution":"/Users/benline/Documents/0xlino/firebase-functions-routing-controllers/functions/node_modules/firebase-admin/lib/index.js"} {"metadata":{"emulator":{"name":"functions"},"function":{"name":"us-central1-app"},"extension":{},"message":"[runtime-status] [36940] Resolved module firebase-admin {\"declared\":true,\"installed\":true,\"version\":\"12.0.0\",\"resolution\":\"/Users/benline/Documents/0xlino/firebase-functions-routing-controllers/functions/node_modules/firebase-admin/lib/index.js\"}"}}
[debug] [2024-02-11T23:42:56.837Z] [runtime-status] [36940] Resolved module firebase-functions {"declared":true,"installed":true,"version":"4.7.0","resolution":"/Users/benline/Documents/0xlino/firebase-functions-routing-controllers/functions/node_modules/firebase-functions/lib/v1/index.js"} {"metadata":{"emulator":{"name":"functions"},"function":{"name":"us-central1-app"},"extension":{},"message":"[runtime-status] [36940] Resolved module firebase-functions {\"declared\":true,\"installed\":true,\"version\":\"4.7.0\",\"resolution\":\"/Users/benline/Documents/0xlino/firebase-functions-routing-controllers/functions/node_modules/firebase-functions/lib/v1/index.js\"}"}}
[debug] [2024-02-11T23:42:56.838Z] [runtime-status] [36940] Outgoing network have been stubbed. [{"name":"http","status":"mocked"},{"name":"http","status":"mocked"},{"name":"https","status":"mocked"},{"name":"https","status":"mocked"},{"name":"net","status":"mocked"}] {"metadata":{"emulator":{"name":"functions"},"function":{"name":"us-central1-app"},"extension":{},"message":"[runtime-status] [36940] Outgoing network have been stubbed. [{\"name\":\"http\",\"status\":\"mocked\"},{\"name\":\"http\",\"status\":\"mocked\"},{\"name\":\"https\",\"status\":\"mocked\"},{\"name\":\"https\",\"status\":\"mocked\"},{\"name\":\"net\",\"status\":\"mocked\"}]"}}
[debug] [2024-02-11T23:42:56.838Z] [runtime-status] [36940] Resolved module firebase-functions {"declared":true,"installed":true,"version":"4.7.0","resolution":"/Users/benline/Documents/0xlino/firebase-functions-routing-controllers/functions/node_modules/firebase-functions/lib/v1/index.js"} {"metadata":{"emulator":{"name":"functions"},"function":{"name":"us-central1-app"},"extension":{},"message":"[runtime-status] [36940] Resolved module firebase-functions {\"declared\":true,\"installed\":true,\"version\":\"4.7.0\",\"resolution\":\"/Users/benline/Documents/0xlino/firebase-functions-routing-controllers/functions/node_modules/firebase-functions/lib/v1/index.js\"}"}}
[debug] [2024-02-11T23:42:56.942Z] [runtime-status] [36940] Checked functions.config() {"config":{}} {"metadata":{"emulator":{"name":"functions"},"function":{"name":"us-central1-app"},"extension":{},"message":"[runtime-status] [36940] Checked functions.config() {\"config\":{}}"}}
[debug] [2024-02-11T23:42:56.942Z] [runtime-status] [36940] firebase-functions has been stubbed. {"functionsResolution":{"declared":true,"installed":true,"version":"4.7.0","resolution":"/Users/benline/Documents/0xlino/firebase-functions-routing-controllers/functions/node_modules/firebase-functions/lib/v1/index.js"}} {"metadata":{"emulator":{"name":"functions"},"function":{"name":"us-central1-app"},"extension":{},"message":"[runtime-status] [36940] firebase-functions has been stubbed. {\"functionsResolution\":{\"declared\":true,\"installed\":true,\"version\":\"4.7.0\",\"resolution\":\"/Users/benline/Documents/0xlino/firebase-functions-routing-controllers/functions/node_modules/firebase-functions/lib/v1/index.js\"}}"}}
[debug] [2024-02-11T23:42:56.942Z] [runtime-status] [36940] Resolved module firebase-functions {"declared":true,"installed":true,"version":"4.7.0","resolution":"/Users/benline/Documents/0xlino/firebase-functions-routing-controllers/functions/node_modules/firebase-functions/lib/v1/index.js"} {"metadata":{"emulator":{"name":"functions"},"function":{"name":"us-central1-app"},"extension":{},"message":"[runtime-status] [36940] Resolved module firebase-functions {\"declared\":true,\"installed\":true,\"version\":\"4.7.0\",\"resolution\":\"/Users/benline/Documents/0xlino/firebase-functions-routing-controllers/functions/node_modules/firebase-functions/lib/v1/index.js\"}"}}
[debug] [2024-02-11T23:42:56.942Z] [runtime-status] [36940] Resolved module firebase-admin {"declared":true,"installed":true,"version":"12.0.0","resolution":"/Users/benline/Documents/0xlino/firebase-functions-routing-controllers/functions/node_modules/firebase-admin/lib/index.js"} {"metadata":{"emulator":{"name":"functions"},"function":{"name":"us-central1-app"},"extension":{},"message":"[runtime-status] [36940] Resolved module firebase-admin {\"declared\":true,\"installed\":true,\"version\":\"12.0.0\",\"resolution\":\"/Users/benline/Documents/0xlino/firebase-functions-routing-controllers/functions/node_modules/firebase-admin/lib/index.js\"}"}}
[debug] [2024-02-11T23:42:56.943Z] [runtime-status] [36940] Resolved module firebase-functions {"declared":true,"installed":true,"version":"4.7.0","resolution":"/Users/benline/Documents/0xlino/firebase-functions-routing-controllers/functions/node_modules/firebase-functions/lib/v1/index.js"} {"metadata":{"emulator":{"name":"functions"},"function":{"name":"us-central1-app"},"extension":{},"message":"[runtime-status] [36940] Resolved module firebase-functions {\"declared\":true,\"installed\":true,\"version\":\"4.7.0\",\"resolution\":\"/Users/benline/Documents/0xlino/firebase-functions-routing-controllers/functions/node_modules/firebase-functions/lib/v1/index.js\"}"}}
[debug] [2024-02-11T23:42:56.943Z] [runtime-status] [36940] firebase-admin has been stubbed. {"adminResolution":{"declared":true,"installed":true,"version":"12.0.0","resolution":"/Users/benline/Documents/0xlino/firebase-functions-routing-controllers/functions/node_modules/firebase-admin/lib/index.js"}} {"metadata":{"emulator":{"name":"functions"},"function":{"name":"us-central1-app"},"extension":{},"message":"[runtime-status] [36940] firebase-admin has been stubbed. {\"adminResolution\":{\"declared\":true,\"installed\":true,\"version\":\"12.0.0\",\"resolution\":\"/Users/benline/Documents/0xlino/firebase-functions-routing-controllers/functions/node_modules/firebase-admin/lib/index.js\"}}"}}
[info] >  Cron Jobs Registered {"user":"Cron Jobs Registered","metadata":{"emulator":{"name":"functions"},"function":{"name":"us-central1-app"},"extension":{},"message":"\u001b[90m> \u001b[39m Cron Jobs Registered"}}
[debug] [2024-02-11T23:42:57.215Z] [runtime-status] [36940] Functions runtime initialized. {"cwd":"/Users/benline/Documents/0xlino/firebase-functions-routing-controllers/functions","node_version":"21.4.0"} {"metadata":{"emulator":{"name":"functions"},"function":{"name":"us-central1-app"},"extension":{},"message":"[runtime-status] [36940] Functions runtime initialized. {\"cwd\":\"/Users/benline/Documents/0xlino/firebase-functions-routing-controllers/functions\",\"node_version\":\"21.4.0\"}"}}
[debug] [2024-02-11T23:42:57.215Z] [runtime-status] [36940] Listening to port: /var/folders/30/bj7j4gj95md_hcb4rg1857m40000gn/T/fire_emu_0962a6f7ef79f197.sock {"metadata":{"emulator":{"name":"functions"},"function":{"name":"us-central1-app"},"extension":{},"message":"[runtime-status] [36940] Listening to port: /var/folders/30/bj7j4gj95md_hcb4rg1857m40000gn/T/fire_emu_0962a6f7ef79f197.sock"}}
[debug] [2024-02-11T23:42:57.274Z] [worker-us-central1-app-e8210f4a-8ad0-443c-b69a-57ceb5b474bb]: IDLE {"metadata":{"emulator":{"name":"functions"},"function":{"name":"us-central1-app"},"extension":{},"message":"[worker-us-central1-app-e8210f4a-8ad0-443c-b69a-57ceb5b474bb]: IDLE"}}
[debug] [2024-02-11T23:42:57.274Z] [worker-pool] submitRequest(triggerId=us-central1-app) {"metadata":{"emulator":{"name":"functions"},"message":"[worker-pool] submitRequest(triggerId=us-central1-app)"}}
[info] i  functions: Beginning execution of "us-central1-app" {"metadata":{"emulator":{"name":"functions"},"function":{"name":"us-central1-app"},"extension":{},"message":"Beginning execution of \"us-central1-app\""}}
[debug] [2024-02-11T23:42:57.275Z] [worker-us-central1-app-e8210f4a-8ad0-443c-b69a-57ceb5b474bb]: BUSY {"metadata":{"emulator":{"name":"functions"},"function":{"name":"us-central1-app"},"extension":{},"message":"[worker-us-central1-app-e8210f4a-8ad0-443c-b69a-57ceb5b474bb]: BUSY"}}
[info] i  functions: Finished "us-central1-app" in 3.72525ms {"metadata":{"emulator":{"name":"functions"},"function":{"name":"us-central1-app"},"extension":{},"message":"Finished \"us-central1-app\" in 3.72525ms"}}
[debug] [2024-02-11T23:42:57.278Z] [worker-us-central1-app-e8210f4a-8ad0-443c-b69a-57ceb5b474bb]: IDLE {"metadata":{"emulator":{"name":"functions"},"function":{"name":"us-central1-app"},"extension":{},"message":"[worker-us-central1-app-e8210f4a-8ad0-443c-b69a-57ceb5b474bb]: IDLE"}}
[debug] [2024-02-11T23:42:57.278Z] [work-queue] {"queuedWork":[],"queueLength":0,"runningWork":[],"workRunningCount":0}
[info] >  I am cron Job and I just ran! {"user":"I am cron Job and I just ran!","metadata":{"emulator":{"name":"functions"},"function":{"name":"us-central1-app"},"extension":{},"message":"\u001b[90m> \u001b[39m I am cron Job and I just ran!"}}
[info] >  I am cron Job and I just ran! {"user":"I am cron Job and I just ran!","metadata":{"emulator":{"name":"functions"},"function":{"name":"us-central1-app"},"extension":{},"message":"\u001b[90m> \u001b[39m I am cron Job and I just ran!"}}
[info] >  I am cron Job and I just ran! {"user":"I am cron Job and I just ran!","metadata":{"emulator":{"name":"functions"},"function":{"name":"us-central1-app"},"extension":{},"message":"\u001b[90m> \u001b[39m I am cron Job and I just ran!"}}
[info] >  I am cron Job and I just ran! {"user":"I am cron Job and I just ran!","metadata":{"emulator":{"name":"functions"},"function":{"name":"us-central1-app"},"extension":{},"message":"\u001b[90m> \u001b[39m I am cron Job and I just ran!"}}
[info] >  I am cron Job and I just ran! {"user":"I am cron Job and I just ran!","metadata":{"emulator":{"name":"functions"},"function":{"name":"us-central1-app"},"extension":{},"message":"\u001b[90m> \u001b[39m I am cron Job and I just ran!"}}
[info] >  I am cron Job and I just ran! {"user":"I am cron Job and I just ran!","metadata":{"emulator":{"name":"functions"},"function":{"name":"us-central1-app"},"extension":{},"message":"\u001b[90m> \u001b[39m I am cron Job and I just ran!"}}
[info] >  I am cron Job and I just ran! {"user":"I am cron Job and I just ran!","metadata":{"emulator":{"name":"functions"},"function":{"name":"us-central1-app"},"extension":{},"message":"\u001b[90m> \u001b[39m I am cron Job and I just ran!"}}
[info] >  I am cron Job and I just ran! {"user":"I am cron Job and I just ran!","metadata":{"emulator":{"name":"functions"},"function":{"name":"us-central1-app"},"extension":{},"message":"\u001b[90m> \u001b[39m I am cron Job and I just ran!"}}
[info] >  I am cron Job and I just ran! {"user":"I am cron Job and I just ran!","metadata":{"emulator":{"name":"functions"},"function":{"name":"us-central1-app"},"extension":{},"message":"\u001b[90m> \u001b[39m I am cron Job and I just ran!"}}
[info] >  I am cron Job and I just ran! {"user":"I am cron Job and I just ran!","metadata":{"emulator":{"name":"functions"},"function":{"name":"us-central1-app"},"extension":{},"message":"\u001b[90m> \u001b[39m I am cron Job and I just ran!"}}
[info] >  I am cron Job and I just ran! {"user":"I am cron Job and I just ran!","metadata":{"emulator":{"name":"functions"},"function":{"name":"us-central1-app"},"extension":{},"message":"\u001b[90m> \u001b[39m I am cron Job and I just ran!"}}
[info] >  I am cron Job and I just ran! {"user":"I am cron Job and I just ran!","metadata":{"emulator":{"name":"functions"},"function":{"name":"us-central1-app"},"extension":{},"message":"\u001b[90m> \u001b[39m I am cron Job and I just ran!"}}
[info] >  I am cron Job and I just ran! {"user":"I am cron Job and I just ran!","metadata":{"emulator":{"name":"functions"},"function":{"name":"us-central1-app"},"extension":{},"message":"\u001b[90m> \u001b[39m I am cron Job and I just ran!"}}
[info] >  I am cron Job and I just ran! {"user":"I am cron Job and I just ran!","metadata":{"emulator":{"name":"functions"},"function":{"name":"us-central1-app"},"extension":{},"message":"\u001b[90m> \u001b[39m I am cron Job and I just ran!"}}
[info] >  I am cron Job and I just ran! {"user":"I am cron Job and I just ran!","metadata":{"emulator":{"name":"functions"},"function":{"name":"us-central1-app"},"extension":{},"message":"\u001b[90m> \u001b[39m I am cron Job and I just ran!"}}
[info] >  I am cron Job and I just ran! {"user":"I am cron Job and I just ran!","metadata":{"emulator":{"name":"functions"},"function":{"name":"us-central1-app"},"extension":{},"message":"\u001b[90m> \u001b[39m I am cron Job and I just ran!"}}
[info] >  I am cron Job and I just ran! {"user":"I am cron Job and I just ran!","metadata":{"emulator":{"name":"functions"},"function":{"name":"us-central1-app"},"extension":{},"message":"\u001b[90m> \u001b[39m I am cron Job and I just ran!"}}
[info] >  I am cron Job and I just ran! {"user":"I am cron Job and I just ran!","metadata":{"emulator":{"name":"functions"},"function":{"name":"us-central1-app"},"extension":{},"message":"\u001b[90m> \u001b[39m I am cron Job and I just ran!"}}
[info] >  I am cron Job and I just ran! {"user":"I am cron Job and I just ran!","metadata":{"emulator":{"name":"functions"},"function":{"name":"us-central1-app"},"extension":{},"message":"\u001b[90m> \u001b[39m I am cron Job and I just ran!"}}
[info] >  I am cron Job and I just ran! {"user":"I am cron Job and I just ran!","metadata":{"emulator":{"name":"functions"},"function":{"name":"us-central1-app"},"extension":{},"message":"\u001b[90m> \u001b[39m I am cron Job and I just ran!"}}
[info] >  I am cron Job and I just ran! {"user":"I am cron Job and I just ran!","metadata":{"emulator":{"name":"functions"},"function":{"name":"us-central1-app"},"extension":{},"message":"\u001b[90m> \u001b[39m I am cron Job and I just ran!"}}
